0 info it worked if it ends with ok
1 verbose cli [ '/usr/local/bin/node',
1 verbose cli   '/usr/local/bin/npm',
1 verbose cli   'install',
1 verbose cli   'pug-cli',
1 verbose cli   '-g' ]
2 info using npm@2.15.9
3 info using node@v4.6.0
4 verbose install initial load of /usr/local/lib/package.json
5 verbose readDependencies loading dependencies from /usr/local/lib/package.json
6 silly cache add args [ 'pug-cli', null ]
7 verbose cache add spec pug-cli
8 silly cache add parsed spec Result {
8 silly cache add   raw: 'pug-cli',
8 silly cache add   scope: null,
8 silly cache add   name: 'pug-cli',
8 silly cache add   rawSpec: '',
8 silly cache add   spec: 'latest',
8 silly cache add   type: 'tag' }
9 silly addNamed pug-cli@latest
10 verbose addNamed "latest" is being treated as a dist-tag for pug-cli
11 info addNameTag [ 'pug-cli', 'latest' ]
12 silly mapToRegistry name pug-cli
13 silly mapToRegistry using default registry
14 silly mapToRegistry registry https://registry.npmjs.org/
15 silly mapToRegistry data Result {
15 silly mapToRegistry   raw: 'pug-cli',
15 silly mapToRegistry   scope: null,
15 silly mapToRegistry   name: 'pug-cli',
15 silly mapToRegistry   rawSpec: '',
15 silly mapToRegistry   spec: 'latest',
15 silly mapToRegistry   type: 'tag' }
16 silly mapToRegistry uri https://registry.npmjs.org/pug-cli
17 verbose addNameTag registry:https://registry.npmjs.org/pug-cli not in flight; fetching
18 verbose request uri https://registry.npmjs.org/pug-cli
19 verbose request no auth needed
20 info attempt registry request try #1 at 2:29:42 PM
21 verbose request id a6d7739bba859e41
22 http request GET https://registry.npmjs.org/pug-cli
23 http 200 https://registry.npmjs.org/pug-cli
24 verbose headers { server: 'CouchDB/1.6.1 (Erlang OTP/R16B03)',
24 verbose headers   etag: '"6XOUKG943X1SVOO6KRT9B0RZY"',
24 verbose headers   'content-type': 'application/json',
24 verbose headers   'content-encoding': 'gzip',
24 verbose headers   'cache-control': 'max-age=300',
24 verbose headers   'content-length': '3191',
24 verbose headers   'accept-ranges': 'bytes',
24 verbose headers   date: 'Tue, 18 Oct 2016 12:29:42 GMT',
24 verbose headers   via: '1.1 varnish',
24 verbose headers   age: '91',
24 verbose headers   connection: 'keep-alive',
24 verbose headers   'x-served-by': 'cache-lhr6332-LHR',
24 verbose headers   'x-cache': 'HIT',
24 verbose headers   'x-cache-hits': '1',
24 verbose headers   'x-timer': 'S1476793782.654664,VS0,VE0',
24 verbose headers   vary: 'Accept-Encoding' }
25 silly get cb [ 200,
25 silly get   { server: 'CouchDB/1.6.1 (Erlang OTP/R16B03)',
25 silly get     etag: '"6XOUKG943X1SVOO6KRT9B0RZY"',
25 silly get     'content-type': 'application/json',
25 silly get     'content-encoding': 'gzip',
25 silly get     'cache-control': 'max-age=300',
25 silly get     'content-length': '3191',
25 silly get     'accept-ranges': 'bytes',
25 silly get     date: 'Tue, 18 Oct 2016 12:29:42 GMT',
25 silly get     via: '1.1 varnish',
25 silly get     age: '91',
25 silly get     connection: 'keep-alive',
25 silly get     'x-served-by': 'cache-lhr6332-LHR',
25 silly get     'x-cache': 'HIT',
25 silly get     'x-cache-hits': '1',
25 silly get     'x-timer': 'S1476793782.654664,VS0,VE0',
25 silly get     vary: 'Accept-Encoding' } ]
26 verbose get saving pug-cli to /Users/Jessica/.npm/registry.npmjs.org/pug-cli/.cache.json
27 verbose correctMkdir /Users/Jessica/.npm correctMkdir not in flight; initializing
28 silly addNameTag next cb for pug-cli with tag latest
29 silly addNamed pug-cli@1.0.0-alpha6
30 verbose addNamed "1.0.0-alpha6" is a plain semver version for pug-cli
31 silly mapToRegistry name pug-cli
32 silly mapToRegistry using default registry
33 silly mapToRegistry registry https://registry.npmjs.org/
34 silly mapToRegistry data Result {
34 silly mapToRegistry   raw: 'pug-cli',
34 silly mapToRegistry   scope: null,
34 silly mapToRegistry   name: 'pug-cli',
34 silly mapToRegistry   rawSpec: '',
34 silly mapToRegistry   spec: 'latest',
34 silly mapToRegistry   type: 'tag' }
35 silly mapToRegistry uri https://registry.npmjs.org/pug-cli
36 verbose addRemoteTarball https://registry.npmjs.org/pug-cli/-/pug-cli-1.0.0-alpha6.tgz not in flight; adding
37 verbose addRemoteTarball [ 'https://registry.npmjs.org/pug-cli/-/pug-cli-1.0.0-alpha6.tgz',
37 verbose addRemoteTarball   '1ca539ea4ac0ebb69ce4aae84aeed5d64ffe6501' ]
38 info retry fetch attempt 1 at 2:29:42 PM
39 info attempt registry request try #1 at 2:29:42 PM
40 http fetch GET https://registry.npmjs.org/pug-cli/-/pug-cli-1.0.0-alpha6.tgz
41 http fetch 200 https://registry.npmjs.org/pug-cli/-/pug-cli-1.0.0-alpha6.tgz
42 silly fetchAndShaCheck shasum 1ca539ea4ac0ebb69ce4aae84aeed5d64ffe6501
43 verbose addTmpTarball /var/folders/t3/5wls1sj15v3fbddykcpr9cl00000gn/T/npm-85744-67664d90/registry.npmjs.org/pug-cli/-/pug-cli-1.0.0-alpha6.tgz not in flight; adding
44 verbose addTmpTarball already have metadata; skipping unpack for pug-cli@1.0.0-alpha6
45 verbose correctMkdir /Users/Jessica/.npm correctMkdir not in flight; initializing
46 silly cache afterAdd pug-cli@1.0.0-alpha6
47 verbose afterAdd /Users/Jessica/.npm/pug-cli/1.0.0-alpha6/package/package.json not in flight; writing
48 verbose correctMkdir /Users/Jessica/.npm correctMkdir not in flight; initializing
49 verbose afterAdd /Users/Jessica/.npm/pug-cli/1.0.0-alpha6/package/package.json written
50 silly install resolved [ { name: 'pug-cli',
50 silly install resolved     version: '1.0.0-alpha6',
50 silly install resolved     description: 'Pug\'s CLI interface',
50 silly install resolved     bin: { pug: './index.js' },
50 silly install resolved     preferGlobal: true,
50 silly install resolved     keywords: [],
50 silly install resolved     dependencies:
50 silly install resolved      { chalk: '^1.0.0',
50 silly install resolved        commander: '^2.8.1',
50 silly install resolved        pug: '^2.0.0-alpha7',
50 silly install resolved        mkdirp: '^0.5.1' },
50 silly install resolved     devDependencies: { istanbul: '*', mocha: '*', rimraf: '^2.3.4' },
50 silly install resolved     scripts:
50 silly install resolved      { test: 'mocha -R spec --bail',
50 silly install resolved        precoverage: 'rimraf coverage && rimraf cov-pt*',
50 silly install resolved        coverage: 'istanbul cover --report none --dir cov-pt0 node_modules/mocha/bin/_mocha -- -R dot',
50 silly install resolved        postcoverage: 'istanbul report --include cov-pt\\*/coverage.json && rimraf cov-pt*' },
50 silly install resolved     repository: { type: 'git', url: 'git+https://github.com/pugjs/pug-cli.git' },
50 silly install resolved     author: { name: 'TJ Holowaychuk', email: 'tj@vision-media.ca' },
50 silly install resolved     maintainers: [ [Object], [Object] ],
50 silly install resolved     license: 'MIT',
50 silly install resolved     gitHead: '7d4cec4806f530fa4ae31e76e0d6ba0dacf2b7a9',
50 silly install resolved     bugs: { url: 'https://github.com/pugjs/pug-cli/issues' },
50 silly install resolved     homepage: 'https://github.com/pugjs/pug-cli#readme',
50 silly install resolved     _id: 'pug-cli@1.0.0-alpha6',
50 silly install resolved     _shasum: '1ca539ea4ac0ebb69ce4aae84aeed5d64ffe6501',
50 silly install resolved     _from: 'pug-cli@latest',
50 silly install resolved     _npmVersion: '3.8.9',
50 silly install resolved     _nodeVersion: '6.2.0',
50 silly install resolved     _npmUser: { name: 'timothygu', email: 'timothygu99@gmail.com' },
50 silly install resolved     dist:
50 silly install resolved      { shasum: '1ca539ea4ac0ebb69ce4aae84aeed5d64ffe6501',
50 silly install resolved        tarball: 'https://registry.npmjs.org/pug-cli/-/pug-cli-1.0.0-alpha6.tgz' },
50 silly install resolved     _npmOperationalInternal:
50 silly install resolved      { host: 'packages-16-east.internal.npmjs.com',
50 silly install resolved        tmp: 'tmp/pug-cli-1.0.0-alpha6.tgz_1464825444800_0.8597624313551933' },
50 silly install resolved     directories: {},
50 silly install resolved     _resolved: 'https://registry.npmjs.org/pug-cli/-/pug-cli-1.0.0-alpha6.tgz' } ]
51 info install pug-cli@1.0.0-alpha6 into /usr/local/lib
52 info installOne pug-cli@1.0.0-alpha6
53 verbose installOne of pug-cli to /usr/local/lib not in flight; installing
54 verbose correctMkdir /Users/Jessica/.npm/_locks correctMkdir not in flight; initializing
55 verbose lock using /Users/Jessica/.npm/_locks/pug-cli-e6e3f4575cf2e925.lock for /usr/local/lib/node_modules/pug-cli
56 silly install write writing pug-cli 1.0.0-alpha6 to /usr/local/lib/node_modules/pug-cli
57 verbose unbuild lib/node_modules/pug-cli
58 silly gentlyRm /usr/local/lib/node_modules/pug-cli is being purged from base /usr/local
59 verbose gentlyRm don't care about contents; nuking /usr/local/lib/node_modules/pug-cli
60 verbose tar unpack /Users/Jessica/.npm/pug-cli/1.0.0-alpha6/package.tgz
61 verbose tar unpacking to /usr/local/lib/node_modules/pug-cli
62 silly gentlyRm /usr/local/lib/node_modules/pug-cli is being purged
63 verbose gentlyRm don't care about contents; nuking /usr/local/lib/node_modules/pug-cli
64 silly gunzTarPerm modes [ '755', '644' ]
65 error tar.unpack untar error /Users/Jessica/.npm/pug-cli/1.0.0-alpha6/package.tgz
66 verbose unlock done using /Users/Jessica/.npm/_locks/pug-cli-e6e3f4575cf2e925.lock for /usr/local/lib/node_modules/pug-cli
67 verbose fstream_path /usr/local/lib/node_modules/pug-cli
68 verbose fstream_type Directory
69 verbose fstream_class DirWriter
70 verbose stack Error: EACCES: permission denied, mkdir '/usr/local/lib/node_modules/pug-cli'
70 verbose stack     at Error (native)
71 verbose fstream_stack /usr/local/lib/node_modules/npm/node_modules/fstream/lib/dir-writer.js:35:25
71 verbose fstream_stack /usr/local/lib/node_modules/npm/node_modules/mkdirp/index.js:47:53
71 verbose fstream_stack FSReqWrap.oncomplete (fs.js:82:15)
72 verbose cwd /Users/Jessica/Documents/Websites/NYCDA/17-10-2016/server-template
73 error Darwin 15.6.0
74 error argv "/usr/local/bin/node" "/usr/local/bin/npm" "install" "pug-cli" "-g"
75 error node v4.6.0
76 error npm  v2.15.9
77 error path /usr/local/lib/node_modules/pug-cli
78 error code EACCES
79 error errno -13
80 error syscall mkdir
81 error Error: EACCES: permission denied, mkdir '/usr/local/lib/node_modules/pug-cli'
81 error     at Error (native)
81 error  { [Error: EACCES: permission denied, mkdir '/usr/local/lib/node_modules/pug-cli']
81 error   errno: -13,
81 error   code: 'EACCES',
81 error   syscall: 'mkdir',
81 error   path: '/usr/local/lib/node_modules/pug-cli',
81 error   fstream_type: 'Directory',
81 error   fstream_path: '/usr/local/lib/node_modules/pug-cli',
81 error   fstream_class: 'DirWriter',
81 error   fstream_stack:
81 error    [ '/usr/local/lib/node_modules/npm/node_modules/fstream/lib/dir-writer.js:35:25',
81 error      '/usr/local/lib/node_modules/npm/node_modules/mkdirp/index.js:47:53',
81 error      'FSReqWrap.oncomplete (fs.js:82:15)' ] }
82 error Please try running this command again as root/Administrator.
83 verbose exit [ -13, true ]
84 verbose unbuild lib/node_modules/pug-cli
85 silly gentlyRm /usr/local/lib/node_modules/pug-cli is being purged from base /usr/local
86 verbose gentlyRm don't care about contents; nuking /usr/local/lib/node_modules/pug-cli
